<?xml version="1.0" encoding="UTF-8"?>
<testng-results ignored="0" total="2" passed="2" failed="0" skipped="0">
  <reporter-output>
  </reporter-output>
  <suite started-at="2023-11-29T22:11:57 IST" name="All Test Suite" finished-at="2023-11-29T22:12:05 IST" duration-ms="8014">
    <groups>
    </groups>
    <test started-at="2023-11-29T22:11:57 IST" name="H:/Teerth/Automation/APIPractice" finished-at="2023-11-29T22:12:05 IST" duration-ms="8014">
      <class name="api.test.UserTest">
        <test-method signature="createUser(java.lang.String,java.lang.String)[pri:1, instance:api.test.UserTest@2667f029]" started-at="2023-11-29T22:12:00 IST" name="createUser" data-provider="Data" finished-at="2023-11-29T22:12:05 IST" duration-ms="5355" status="PASS">
          <params>
            <param index="0">
              <value>
                <![CDATA[Utsav]]>
              </value>
            </param>
            <param index="1">
              <value>
                <![CDATA[Doctor]]>
              </value>
            </param>
          </params>
          <reporter-output>
          </reporter-output>
        </test-method> <!-- createUser -->
        <test-method signature="createUser(java.lang.String,java.lang.String)[pri:1, instance:api.test.UserTest@2667f029]" started-at="2023-11-29T22:12:05 IST" name="createUser" data-provider="Data" finished-at="2023-11-29T22:12:05 IST" duration-ms="410" status="PASS">
          <params>
            <param index="0">
              <value>
                <![CDATA[Charmi]]>
              </value>
            </param>
            <param index="1">
              <value>
                <![CDATA[Engineer]]>
              </value>
            </param>
          </params>
          <reporter-output>
          </reporter-output>
        </test-method> <!-- createUser -->
      </class> <!-- api.test.UserTest -->
    </test> <!-- H:/Teerth/Automation/APIPractice -->
  </suite> <!-- All Test Suite -->
</testng-results>
