<?xml version="1.0" encoding="UTF-8"?>
<testsuite xmlns:xsi="http://www.w3.org/2001/XMLSchema-instance" xsi:noNamespaceSchemaLocation="https://maven.apache.org/surefire/maven-surefire-plugin/xsd/surefire-test-report-3.0.xsd" version="3.0" name="TestSuite" time="9.917" tests="2" errors="0" skipped="0" failures="0">
  <properties>
[...]
</properties>
  <testcase name="createUser[Utsav, Doctor](1)" classname="api.test.UserTest" time="5.363">
    <system-out><![CDATA[2
2
HTTP/1.1 201 Created
Date: Wed, 29 Nov 2023 16:42:04 GMT
Content-Type: application/json; charset=utf-8
Content-Length: 81
Connection: keep-alive
Report-To: {"group":"heroku-nel","max_age":3600,"endpoints":[{"url":"https://nel.heroku.com/reports?ts=1701276124&sid=c4c9725f-1ab0-44d8-820f-430df2718e11&s=wjzdf8sdnx6UeuNpGUB5lAx%2BS1KVfSdSyjywgu%2Bo8Pk%3D"}]}
Reporting-Endpoints: heroku-nel=https://nel.heroku.com/reports?ts=1701276124&sid=c4c9725f-1ab0-44d8-820f-430df2718e11&s=wjzdf8sdnx6UeuNpGUB5lAx%2BS1KVfSdSyjywgu%2Bo8Pk%3D
Nel: {"report_to":"heroku-nel","max_age":3600,"success_fraction":0.005,"failure_fraction":0.05,"response_headers":["Via"]}
X-Powered-By: Express
Access-Control-Allow-Origin: *
Etag: W/"51-GrrJ4CTGGs7wsqDLM5469Lxwjbs"
Via: 1.1 vegur
CF-Cache-Status: DYNAMIC
Server: cloudflare
CF-RAY: 82dc4d3cff7d795c-AMD

{
    "name": "Utsav",
    "job": "Doctor",
    "id": "292",
    "createdAt": "2023-11-29T16:42:04.061Z"
}
292
]]></system-out>
    <system-err><![CDATA[SLF4J: Failed to load class "org.slf4j.impl.StaticLoggerBinder".
SLF4J: Defaulting to no-operation (NOP) logger implementation
SLF4J: See http://www.slf4j.org/codes.html#StaticLoggerBinder for further details.
ERROR StatusLogger Log4j2 could not find a logging implementation. Please add log4j-core to the classpath. Using SimpleLogger to log to the console...
]]></system-err>
  </testcase>
  <testcase name="createUser[Charmi, Engineer](2)" classname="api.test.UserTest" time="0.419">
    <system-out><![CDATA[HTTP/1.1 201 Created
Date: Wed, 29 Nov 2023 16:42:05 GMT
Content-Type: application/json; charset=utf-8
Content-Length: 84
Connection: keep-alive
Report-To: {"group":"heroku-nel","max_age":3600,"endpoints":[{"url":"https://nel.heroku.com/reports?ts=1701276125&sid=c4c9725f-1ab0-44d8-820f-430df2718e11&s=pVyeYyi3Z7JbG9mHze3fHcqNyDm5z9UkWkIha4RmXmU%3D"}]}
Reporting-Endpoints: heroku-nel=https://nel.heroku.com/reports?ts=1701276125&sid=c4c9725f-1ab0-44d8-820f-430df2718e11&s=pVyeYyi3Z7JbG9mHze3fHcqNyDm5z9UkWkIha4RmXmU%3D
Nel: {"report_to":"heroku-nel","max_age":3600,"success_fraction":0.005,"failure_fraction":0.05,"response_headers":["Via"]}
X-Powered-By: Express
Access-Control-Allow-Origin: *
Etag: W/"54-QUZoEqdqOm72mWItFDQX7IQ0jYY"
Via: 1.1 vegur
CF-Cache-Status: DYNAMIC
Server: cloudflare
CF-RAY: 82dc4d498ba67941-AMD

{
    "name": "Charmi",
    "job": "Engineer",
    "id": "884",
    "createdAt": "2023-11-29T16:42:05.906Z"
}
884
]]></system-out>
  </testcase>
</testsuite>